#
# There is insufficient memory for the Java Runtime Environment to continue.
# Native memory allocation (mmap) failed to map 266338304 bytes. Error detail: G1 virtual space
# Possible reasons:
#   The system is out of physical RAM or swap space
#   This process is running with CompressedOops enabled, and the Java Heap may be blocking the growth of the native heap
# Possible solutions:
#   Reduce memory load on the system
#   Increase physical memory or swap space
#   Check if swap backing store is full
#   Decrease Java heap size (-Xmx/-Xms)
#   Decrease number of Java threads
#   Decrease Java thread stack sizes (-Xss)
#   Set larger code cache with -XX:ReservedCodeCacheSize=
#   JVM is running with Zero Based Compressed Oops mode in which the Java heap is
#     placed in the first 32GB address space. The Java Heap base address is the
#     maximum limit for the native heap growth. Please use -XX:HeapBaseMinAddress
#     to set the Java Heap base and to place the Java Heap above 32GB virtual address.
# This output file may be truncated or incomplete.
#
#  Out of Memory Error (os_windows.cpp:3710), pid=49456, tid=16176
#
# JRE version:  (17.0.15+6) (build )
# Java VM: OpenJDK 64-Bit Server VM (17.0.15+6-LTS, mixed mode, sharing, tiered, compressed oops, compressed class ptrs, g1 gc, windows-amd64)
# No core dump will be written. Minidumps are not enabled by default on client versions of Windows
#

---------------  S U M M A R Y ------------

Command Line: -Dnet.bytebuddy.agent.attacher.dump= net.bytebuddy.agent.Attacher com.sun.tools.attach.VirtualMachine 75504 C:\Users\123\.m2\repository\net\bytebuddy\byte-buddy-agent\1.15.11\byte-buddy-agent-1.15.11.jar false 

Host: 11th Gen Intel(R) Core(TM) i5-11400H @ 2.70GHz, 12 cores, 15G,  Windows 11 , 64 bit Build 26100 (10.0.26100.4202)
Time: Fri Jun 27 20:54:56 2025  Windows 11 , 64 bit Build 26100 (10.0.26100.4202) elapsed time: 0.026552 seconds (0d 0h 0m 0s)

---------------  T H R E A D  ---------------

Current thread (0x000001df571edff0):  JavaThread "Unknown thread" [_thread_in_vm, id=16176, stack(0x000000a68b600000,0x000000a68b700000)]

Stack: [0x000000a68b600000,0x000000a68b700000]
Native frames: (J=compiled Java code, j=interpreted, Vv=VM code, C=native code)
V  [jvm.dll+0x6887a9]
V  [jvm.dll+0x83f5a8]
V  [jvm.dll+0x841053]
V  [jvm.dll+0x8416c3]
V  [jvm.dll+0x2496ef]
V  [jvm.dll+0x6856e9]
V  [jvm.dll+0x679b7a]
V  [jvm.dll+0x30b0d7]
V  [jvm.dll+0x312646]
V  [jvm.dll+0x36300e]
V  [jvm.dll+0x36324d]
V  [jvm.dll+0x2e236c]
V  [jvm.dll+0x2e3284]
V  [jvm.dll+0x8114db]
V  [jvm.dll+0x370d21]
V  [jvm.dll+0x7f011f]
V  [jvm.dll+0x3f781e]
V  [jvm.dll+0x3f9351]
C  [jli.dll+0x52a0]
C  [ucrtbase.dll+0x37b0]
C  [KERNEL32.DLL+0x2e8d7]
C  [ntdll.dll+0x3c34c]


---------------  P R O C E S S  ---------------

Threads class SMR info:
_java_thread_list=0x00007fff6453efd8, length=0, elements={
}

Java Threads: ( => current thread )

Other Threads:
  0x000001df710107a0 GCTaskThread "GC Thread#0" [stack: 0x000000a68b700000,0x000000a68b800000] [id=58392]
  0x000001df59fde450 ConcurrentGCThread "G1 Main Marker" [stack: 0x000000a68b800000,0x000000a68b900000] [id=70548]
  0x000001df59fdec80 ConcurrentGCThread "G1 Conc#0" [stack: 0x000000a68b900000,0x000000a68ba00000] [id=75768]

[error occurred during error reporting (printing all threads), id 0xc0000005, EXCEPTION_ACCESS_VIOLATION (0xc0000005) at pc=0x00007fff63cf2ec7]

VM state: not at safepoint (not fully initialized)

VM Mutex/Monitor currently owned by a thread:  ([mutex/lock_event])
[0x000001df571eb340] Heap_lock - owner thread: 0x000001df571edff0

Heap address: 0x0000000702400000, size: 4060 MB, Compressed Oops mode: Zero based, Oop shift amount: 3

CDS archive(s) mapped at: [0x0000000000000000-0x0000000000000000-0x0000000000000000), size 0, SharedBaseAddress: 0x0000000800000000, ArchiveRelocationMode: 1.
Narrow klass base: 0x0000000000000000, Narrow klass shift: 0, Narrow klass range: 0x0

GC Precious Log:
<Empty>

Heap:
 garbage-first heap   total 0K, used 0K [0x0000000702400000, 0x0000000800000000)
  region size 2048K, 0 young (0K), 0 survivors (0K)

[error occurred during error reporting (printing heap information), id 0xc0000005, EXCEPTION_ACCESS_VIOLATION (0xc0000005) at pc=0x00007fff640e2339]

GC Heap History (0 events):
No events

Dll operation events (1 events):
Event: 0.021 Loaded shared library C:\Users\123\.jdks\ms-17.0.15\bin\java.dll

Deoptimization events (0 events):
No events

Classes loaded (0 events):
No events

Classes unloaded (0 events):
No events

Classes redefined (0 events):
No events

Internal exceptions (0 events):
No events

VM Operations (0 events):
No events

Memory protections (0 events):
No events

Nmethod flushes (0 events):
No events

Events (0 events):
No events


Dynamic libraries:
0x00007ff679860000 - 0x00007ff67986e000 	C:\Users\123\.jdks\ms-17.0.15\bin\java.exe
0x00007ff860900000 - 0x00007ff860b65000 	C:\WINDOWS\SYSTEM32\ntdll.dll
0x00007ff85f9a0000 - 0x00007ff85fa69000 	C:\WINDOWS\System32\KERNEL32.DLL
0x00007ff85da50000 - 0x00007ff85de38000 	C:\WINDOWS\System32\KERNELBASE.dll
0x00007ff85e550000 - 0x00007ff85e69b000 	C:\WINDOWS\System32\ucrtbase.dll
0x00007ff85a650000 - 0x00007ff85a667000 	C:\Users\123\.jdks\ms-17.0.15\bin\jli.dll
0x00007ff85a670000 - 0x00007ff85a68d000 	C:\Users\123\.jdks\ms-17.0.15\bin\VCRUNTIME140.dll
0x00007ff827780000 - 0x00007ff82787e000 	C:\WINDOWS\SYSTEM32\winhafnt64.dll
0x00007ff8606f0000 - 0x00007ff8608ba000 	C:\WINDOWS\System32\USER32.dll
0x00007ff838670000 - 0x00007ff83890a000 	C:\WINDOWS\WinSxS\amd64_microsoft.windows.common-controls_6595b64144ccf1df_6.0.26100.4202_none_3e0698d4e335f517\COMCTL32.dll
0x00007ff85de40000 - 0x00007ff85de67000 	C:\WINDOWS\System32\win32u.dll
0x00007ff860600000 - 0x00007ff8606b3000 	C:\WINDOWS\System32\ADVAPI32.dll
0x00007ff860010000 - 0x00007ff8600b9000 	C:\WINDOWS\System32\msvcrt.dll
0x00007ff8606c0000 - 0x00007ff8606eb000 	C:\WINDOWS\System32\GDI32.dll
0x00007ff85fb80000 - 0x00007ff85fc26000 	C:\WINDOWS\System32\sechost.dll
0x00007ff85e980000 - 0x00007ff85ea95000 	C:\WINDOWS\System32\RPCRT4.dll
0x00007ff85de70000 - 0x00007ff85dfa7000 	C:\WINDOWS\System32\gdi32full.dll
0x00007ff85e320000 - 0x00007ff85e3c3000 	C:\WINDOWS\System32\msvcp_win.dll
0x00007ff8565d0000 - 0x00007ff8565db000 	C:\WINDOWS\SYSTEM32\VERSION.dll
0x00007ff85fe10000 - 0x00007ff85fe40000 	C:\WINDOWS\System32\IMM32.DLL
0x00007ff826d90000 - 0x00007ff827267000 	C:\WINDOWS\SYSTEM32\winhadnt64.dll
0x00007ff860590000 - 0x00007ff8605fa000 	C:\WINDOWS\System32\SHLWAPI.dll
0x00007ff84dd80000 - 0x00007ff84dda1000 	C:\WINDOWS\SYSTEM32\MPR.dll
0x00007ff85ed00000 - 0x00007ff85f442000 	C:\WINDOWS\System32\SHELL32.dll
0x00007ff85dfb0000 - 0x00007ff85e124000 	C:\WINDOWS\System32\wintypes.dll
0x00007ff8600c0000 - 0x00007ff860445000 	C:\WINDOWS\System32\combase.dll
0x00007ff85fe50000 - 0x00007ff85ffee000 	C:\WINDOWS\System32\ole32.dll
0x00007ff85e890000 - 0x00007ff85e971000 	C:\WINDOWS\System32\OLEAUT32.dll
0x00007ff85e810000 - 0x00007ff85e884000 	C:\WINDOWS\System32\WS2_32.dll
0x00007ff85c360000 - 0x00007ff85c487000 	C:\WINDOWS\SYSTEM32\Dnsapi.dll
0x00007ff85c290000 - 0x00007ff85c2c3000 	C:\WINDOWS\SYSTEM32\IPHLPAPI.DLL
0x00007ff860000000 - 0x00007ff86000a000 	C:\WINDOWS\System32\NSI.dll
0x00007ff843640000 - 0x00007ff843850000 	C:\WINDOWS\SYSTEM32\DtFrame64.dll
0x00007ff82c1e0000 - 0x00007ff82c211000 	C:\WINDOWS\SYSTEM32\TIjtdrvd64.dll
0x00007ff8438f0000 - 0x00007ff8439a7000 	C:\WINDOWS\SYSTEM32\winspool.drv
0x00007ff85fcf0000 - 0x00007ff85fde1000 	C:\WINDOWS\System32\shcore.dll
0x00007ff85d6e0000 - 0x00007ff85d737000 	C:\WINDOWS\SYSTEM32\cfgmgr32.dll
0x00007ff81f2e0000 - 0x00007ff81f3fd000 	C:\WINDOWS\SYSTEM32\DtsFrame64.dll
0x00007ff85cd80000 - 0x00007ff85cdea000 	C:\WINDOWS\SYSTEM32\mswsock.dll
0x00007ff82b600000 - 0x00007ff82b60d000 	C:\WINDOWS\SYSTEM32\WinUsb.dll
0x00007ff85fb70000 - 0x00007ff85fb78000 	C:\WINDOWS\System32\psapi.dll
0x00007ff826c90000 - 0x00007ff826d81000 	C:\WINDOWS\SYSTEM32\TMailHook64.dll
0x00007ff840d40000 - 0x00007ff840d4c000 	C:\Users\123\.jdks\ms-17.0.15\bin\vcruntime140_1.dll
0x00007ff8409a0000 - 0x00007ff840a2d000 	C:\Users\123\.jdks\ms-17.0.15\bin\msvcp140.dll
0x00007fff63a00000 - 0x00007fff64672000 	C:\Users\123\.jdks\ms-17.0.15\bin\server\jvm.dll
0x00007ff85d230000 - 0x00007ff85d28e000 	C:\WINDOWS\SYSTEM32\POWRPROF.dll
0x00007ff84e6f0000 - 0x00007ff84e725000 	C:\WINDOWS\SYSTEM32\WINMM.dll
0x00007ff85d1a0000 - 0x00007ff85d1b4000 	C:\WINDOWS\SYSTEM32\UMPDC.dll
0x00007ff85c7e0000 - 0x00007ff85c7fb000 	C:\WINDOWS\SYSTEM32\kernel.appcore.dll
0x00007ff840ca0000 - 0x00007ff840caa000 	C:\Users\123\.jdks\ms-17.0.15\bin\jimage.dll
0x00007ff85b140000 - 0x00007ff85b381000 	C:\WINDOWS\SYSTEM32\DBGHELP.DLL
0x00007ff840580000 - 0x00007ff8405b9000 	C:\WINDOWS\SYSTEM32\dbgcore.DLL
0x00007ff85e1c0000 - 0x00007ff85e259000 	C:\WINDOWS\System32\bcryptPrimitives.dll
0x00007ff840ae0000 - 0x00007ff840b05000 	C:\Users\123\.jdks\ms-17.0.15\bin\java.dll

dbghelp: loaded successfully - version: 4.0.5 - missing functions: none
symbol engine: initialized successfully - sym options: 0x614 - pdb path: .;C:\Users\123\.jdks\ms-17.0.15\bin;C:\WINDOWS\SYSTEM32;C:\WINDOWS\WinSxS\amd64_microsoft.windows.common-controls_6595b64144ccf1df_6.0.26100.4202_none_3e0698d4e335f517;C:\Users\123\.jdks\ms-17.0.15\bin\server

VM Arguments:
jvm_args: -Dnet.bytebuddy.agent.attacher.dump= 
java_command: net.bytebuddy.agent.Attacher com.sun.tools.attach.VirtualMachine 75504 C:\Users\123\.m2\repository\net\bytebuddy\byte-buddy-agent\1.15.11\byte-buddy-agent-1.15.11.jar false 
java_class_path (initial): C:\Users\123\.m2\repository\net\bytebuddy\byte-buddy-agent\1.15.11\byte-buddy-agent-1.15.11.jar
Launcher Type: SUN_STANDARD

[Global flags]
     intx CICompilerCount                          = 4                                         {product} {ergonomic}
     uint ConcGCThreads                            = 3                                         {product} {ergonomic}
     uint G1ConcRefinementThreads                  = 10                                        {product} {ergonomic}
   size_t G1HeapRegionSize                         = 2097152                                   {product} {ergonomic}
    uintx GCDrainStackTargetSize                   = 64                                        {product} {ergonomic}
   size_t InitialHeapSize                          = 266338304                                 {product} {ergonomic}
   size_t MarkStackSize                            = 4194304                                   {product} {ergonomic}
   size_t MaxHeapSize                              = 4257218560                                {product} {ergonomic}
   size_t MinHeapDeltaBytes                        = 2097152                                   {product} {ergonomic}
   size_t MinHeapSize                              = 8388608                                   {product} {ergonomic}
    uintx NonNMethodCodeHeapSize                   = 5839372                                {pd product} {ergonomic}
    uintx NonProfiledCodeHeapSize                  = 122909434                              {pd product} {ergonomic}
    uintx ProfiledCodeHeapSize                     = 122909434                              {pd product} {ergonomic}
    uintx ReservedCodeCacheSize                    = 251658240                              {pd product} {ergonomic}
     bool SegmentedCodeCache                       = true                                      {product} {ergonomic}
   size_t SoftMaxHeapSize                          = 4257218560                             {manageable} {ergonomic}
     bool UseCompressedClassPointers               = true                           {product lp64_product} {ergonomic}
     bool UseCompressedOops                        = true                           {product lp64_product} {ergonomic}
     bool UseG1GC                                  = true                                      {product} {ergonomic}
     bool UseLargePagesIndividualAllocation        = false                                  {pd product} {ergonomic}

Logging:
Log output configuration:
 #0: stdout all=warning uptime,level,tags
 #1: stderr all=off uptime,level,tags

Environment Variables:
JAVA_HOME=C:\Program Files\Java\jdk-21
PATH=C:\Program Files (x86)\Common Files\Oracle\Java\javapath;C:\Program Files\Common Files\Oracle\Java\javapath;C:\Windows\system32;C:\Windows;C:\Windows\System32\Wbem;C:\Windows\System32\WindowsPowerShell\v1.0\;C:\Windows\System32\OpenSSH\;C:\Program Files (x86)\NVIDIA Corporation\PhysX\Common;C:\WINDOWS\system32;C:\WINDOWS;C:\WINDOWS\System32\Wbem;C:\WINDOWS\System32\WindowsPowerShell\v1.0\;C:\WINDOWS\System32\OpenSSH\;C:\Program Files\dotnet\;C:\Program Files\Java\jdk-20\bin;C:\Program Files\NVIDIA Corporation\NVIDIA app\NvDLISR;C:\Program Files\Git\cmd;C:\Program Files\Java\jdk-21\bin;C:\Program Files\Docker\Docker\resources\bin;C:\Program Files\Tailscale\;%NVM_HOME%;%NVM_SYMLINK%;C:\Users\123\AppData\Local\Programs\Python\Python312\Scripts\;C:\Users\123\AppData\Local\Programs\Python\Python312\;C:\Users\123\AppData\Local\Programs\Python\Launcher\;C:\Users\123\AppData\Local\Microsoft\WindowsApps;C:\Users\123\AppData\Roaming\npm;D:\IntelliJ IDEA 2023.2.7\bin;;C:\Program Files (x86)\Tencent\QQGameTempest\Hall.58195\;C:\Users\123\AppData\Local\GitHubDesktop\bin;C:\Users\123\AppData\Local\nvm;C:\nvm4w\nodejs
USERNAME=123
OS=Windows_NT
PROCESSOR_IDENTIFIER=Intel64 Family 6 Model 141 Stepping 1, GenuineIntel
TMP=C:\Users\123\AppData\Local\Temp
TEMP=C:\Users\123\AppData\Local\Temp



Periodic native trim disabled


---------------  S Y S T E M  ---------------

OS:
 Windows 11 , 64 bit Build 26100 (10.0.26100.4202)
OS uptime: 2 days 22:53 hours
Hyper-V role detected

CPU: total 12 (initial active 12) (6 cores per cpu, 2 threads per core) family 6 model 141 stepping 1 microcode 0x32, cx8, cmov, fxsr, ht, mmx, 3dnowpref, sse, sse2, sse3, ssse3, sse4.1, sse4.2, popcnt, lzcnt, tsc, tscinvbit, avx, avx2, aes, erms, clmul, bmi1, bmi2, adx, avx512f, avx512dq, avx512cd, avx512bw, avx512vl, sha, fma, vzeroupper, avx512_vpopcntdq, avx512_vpclmulqdq, avx512_vaes, avx512_vnni, clflush, clflushopt, clwb, avx512_vbmi2, avx512_vbmi, hv
Processor Information for the first 12 processors :
  Max Mhz: 2688, Current Mhz: 2688, Mhz Limit: 2688

Memory: 4k page, system-wide physical 16235M (944M free)
TotalPageFile size 51380M (AvailPageFile size 241M)
current process WorkingSet (physical memory assigned to process): 20M, peak: 20M
current process commit charge ("private bytes"): 68M, peak: 322M

vm_info: OpenJDK 64-Bit Server VM (17.0.15+6-LTS) for windows-amd64 JRE (17.0.15+6-LTS), built on Apr  9 2025 22:27:25 by "MicrosoftCorporation" with unknown MS VC++:1939

END.
